mode: set
github.com/ApexCorse/vera/parser.go:19.42,21.16 2 1
github.com/ApexCorse/vera/parser.go:21.16,23.3 1 0
github.com/ApexCorse/vera/parser.go:24.2,30.21 5 1
github.com/ApexCorse/vera/parser.go:30.21,32.3 1 0
github.com/ApexCorse/vera/parser.go:34.2,34.34 1 1
github.com/ApexCorse/vera/parser.go:34.34,35.41 1 1
github.com/ApexCorse/vera/parser.go:35.41,38.40 2 1
github.com/ApexCorse/vera/parser.go:38.40,39.46 1 1
github.com/ApexCorse/vera/parser.go:39.46,41.11 2 1
github.com/ApexCorse/vera/parser.go:44.5,44.42 1 1
github.com/ApexCorse/vera/parser.go:47.4,48.18 2 1
github.com/ApexCorse/vera/parser.go:48.18,50.5 1 0
github.com/ApexCorse/vera/parser.go:52.4,52.61 1 1
github.com/ApexCorse/vera/parser.go:53.9,53.48 1 1
github.com/ApexCorse/vera/parser.go:53.48,55.18 2 0
github.com/ApexCorse/vera/parser.go:55.18,57.5 1 0
github.com/ApexCorse/vera/parser.go:59.4,59.55 1 0
github.com/ApexCorse/vera/parser.go:63.2,63.20 1 1
github.com/ApexCorse/vera/parser.go:66.75,67.51 1 1
github.com/ApexCorse/vera/parser.go:67.51,69.3 1 0
github.com/ApexCorse/vera/parser.go:71.2,72.28 2 1
github.com/ApexCorse/vera/parser.go:72.28,74.3 1 0
github.com/ApexCorse/vera/parser.go:76.2,78.16 3 1
github.com/ApexCorse/vera/parser.go:78.16,80.3 1 0
github.com/ApexCorse/vera/parser.go:82.2,82.28 1 1
github.com/ApexCorse/vera/parser.go:82.28,84.3 1 0
github.com/ApexCorse/vera/parser.go:86.2,87.16 2 1
github.com/ApexCorse/vera/parser.go:87.16,89.3 1 0
github.com/ApexCorse/vera/parser.go:90.2,92.21 2 1
github.com/ApexCorse/vera/parser.go:95.73,97.38 2 1
github.com/ApexCorse/vera/parser.go:97.38,99.3 1 0
github.com/ApexCorse/vera/parser.go:101.2,103.16 3 1
github.com/ApexCorse/vera/parser.go:103.16,105.3 1 0
github.com/ApexCorse/vera/parser.go:107.2,108.42 2 1
github.com/ApexCorse/vera/parser.go:108.42,110.3 1 0
github.com/ApexCorse/vera/parser.go:111.2,115.16 4 1
github.com/ApexCorse/vera/parser.go:115.16,117.3 1 0
github.com/ApexCorse/vera/parser.go:119.2,128.21 3 1
github.com/ApexCorse/vera/parser.go:131.58,132.44 1 1
github.com/ApexCorse/vera/parser.go:132.44,134.17 2 1
github.com/ApexCorse/vera/parser.go:134.17,136.4 1 0
github.com/ApexCorse/vera/parser.go:138.3,138.32 1 1
github.com/ApexCorse/vera/parser.go:141.2,143.16 3 0
github.com/ApexCorse/vera/parser.go:143.16,145.3 1 0
github.com/ApexCorse/vera/parser.go:147.2,147.31 1 0
github.com/ApexCorse/vera/parser.go:150.67,154.28 3 1
github.com/ApexCorse/vera/parser.go:154.28,156.3 1 0
github.com/ApexCorse/vera/parser.go:158.2,158.36 1 1
github.com/ApexCorse/vera/parser.go:158.36,159.40 1 1
github.com/ApexCorse/vera/parser.go:159.40,161.4 1 1
github.com/ApexCorse/vera/parser.go:162.3,165.25 3 1
github.com/ApexCorse/vera/parser.go:165.25,168.4 1 0
github.com/ApexCorse/vera/parser.go:170.3,170.26 1 1
github.com/ApexCorse/vera/parser.go:170.26,172.4 1 0
github.com/ApexCorse/vera/parser.go:174.3,179.76 3 1
github.com/ApexCorse/vera/parser.go:179.76,181.4 1 1
github.com/ApexCorse/vera/parser.go:183.3,184.82 2 1
github.com/ApexCorse/vera/parser.go:184.82,186.4 1 0
github.com/ApexCorse/vera/parser.go:188.3,189.70 2 1
github.com/ApexCorse/vera/parser.go:189.70,191.4 1 0
github.com/ApexCorse/vera/parser.go:193.3,194.69 2 1
github.com/ApexCorse/vera/parser.go:194.69,196.4 1 0
github.com/ApexCorse/vera/parser.go:198.3,200.27 2 1
github.com/ApexCorse/vera/parser.go:203.2,203.26 1 1
github.com/ApexCorse/vera/parser.go:206.81,208.37 2 1
github.com/ApexCorse/vera/parser.go:208.37,210.3 1 0
github.com/ApexCorse/vera/parser.go:212.2,213.40 2 1
github.com/ApexCorse/vera/parser.go:213.40,215.3 1 0
github.com/ApexCorse/vera/parser.go:216.2,217.16 2 1
github.com/ApexCorse/vera/parser.go:217.16,219.3 1 0
github.com/ApexCorse/vera/parser.go:220.2,221.16 2 1
github.com/ApexCorse/vera/parser.go:221.16,223.3 1 0
github.com/ApexCorse/vera/parser.go:225.2,226.30 2 1
github.com/ApexCorse/vera/parser.go:226.30,228.3 1 0
github.com/ApexCorse/vera/parser.go:230.2,231.16 2 1
github.com/ApexCorse/vera/parser.go:231.16,233.3 1 0
github.com/ApexCorse/vera/parser.go:234.2,235.28 2 1
github.com/ApexCorse/vera/parser.go:236.11,237.23 1 1
github.com/ApexCorse/vera/parser.go:238.11,239.22 1 1
github.com/ApexCorse/vera/parser.go:240.10,241.92 1 0
github.com/ApexCorse/vera/parser.go:244.2,249.31 5 1
github.com/ApexCorse/vera/parser.go:249.31,251.3 1 1
github.com/ApexCorse/vera/parser.go:253.2,254.93 2 1
github.com/ApexCorse/vera/parser.go:254.93,256.3 1 1
github.com/ApexCorse/vera/parser.go:258.2,260.40 3 1
github.com/ApexCorse/vera/parser.go:260.40,262.3 1 0
github.com/ApexCorse/vera/parser.go:264.2,268.16 4 1
github.com/ApexCorse/vera/parser.go:268.16,270.3 1 0
github.com/ApexCorse/vera/parser.go:271.2,272.16 2 1
github.com/ApexCorse/vera/parser.go:272.16,274.3 1 0
github.com/ApexCorse/vera/parser.go:276.2,279.12 3 1
github.com/ApexCorse/vera/parser.go:282.87,283.96 1 1
github.com/ApexCorse/vera/parser.go:283.96,285.3 1 0
github.com/ApexCorse/vera/parser.go:286.2,287.39 2 1
github.com/ApexCorse/vera/parser.go:287.39,289.3 1 0
github.com/ApexCorse/vera/parser.go:291.2,292.16 2 1
github.com/ApexCorse/vera/parser.go:292.16,294.3 1 0
github.com/ApexCorse/vera/parser.go:295.2,296.16 2 1
github.com/ApexCorse/vera/parser.go:296.16,298.3 1 0
github.com/ApexCorse/vera/parser.go:300.2,303.12 3 1
github.com/ApexCorse/vera/parser.go:306.75,307.84 1 1
github.com/ApexCorse/vera/parser.go:307.84,309.3 1 0
github.com/ApexCorse/vera/parser.go:310.2,311.33 2 1
github.com/ApexCorse/vera/parser.go:311.33,313.3 1 0
github.com/ApexCorse/vera/parser.go:314.2,315.16 2 1
github.com/ApexCorse/vera/parser.go:315.16,317.3 1 0
github.com/ApexCorse/vera/parser.go:318.2,319.16 2 1
github.com/ApexCorse/vera/parser.go:319.16,321.3 1 0
github.com/ApexCorse/vera/parser.go:323.2,326.12 3 1
github.com/ApexCorse/vera/parser.go:329.74,330.88 1 1
github.com/ApexCorse/vera/parser.go:330.88,332.3 1 0
github.com/ApexCorse/vera/parser.go:333.2,335.12 2 1
github.com/ApexCorse/vera/parser.go:338.68,341.33 2 1
github.com/ApexCorse/vera/parser.go:341.33,343.3 1 1
github.com/ApexCorse/vera/parser.go:346.63,348.25 2 0
github.com/ApexCorse/vera/parser.go:348.25,352.3 1 0
github.com/ApexCorse/vera/parser.go:354.2,362.25 4 0
github.com/ApexCorse/vera/utils.go:5.48,7.2 1 1
github.com/ApexCorse/vera/validator.go:5.35,7.29 2 0
github.com/ApexCorse/vera/validator.go:7.29,8.38 1 0
github.com/ApexCorse/vera/validator.go:8.38,10.4 1 0
github.com/ApexCorse/vera/validator.go:12.3,12.39 1 0
github.com/ApexCorse/vera/validator.go:12.39,14.4 1 0
github.com/ApexCorse/vera/validator.go:15.3,15.32 1 0
github.com/ApexCorse/vera/validator.go:18.2,18.28 1 0
github.com/ApexCorse/vera/validator.go:18.28,19.50 1 0
github.com/ApexCorse/vera/validator.go:19.50,21.4 1 0
github.com/ApexCorse/vera/validator.go:23.3,23.40 1 0
github.com/ApexCorse/vera/validator.go:23.40,24.65 1 0
github.com/ApexCorse/vera/validator.go:24.65,26.5 1 0
github.com/ApexCorse/vera/validator.go:30.2,30.12 1 0
github.com/ApexCorse/vera/validator.go:33.36,34.18 1 0
github.com/ApexCorse/vera/validator.go:34.18,36.3 1 0
github.com/ApexCorse/vera/validator.go:39.2,41.30 2 0
github.com/ApexCorse/vera/validator.go:41.30,42.38 1 0
github.com/ApexCorse/vera/validator.go:42.38,44.4 1 0
github.com/ApexCorse/vera/validator.go:46.3,46.27 1 0
github.com/ApexCorse/vera/validator.go:48.2,48.29 1 0
github.com/ApexCorse/vera/validator.go:48.29,50.3 1 0
github.com/ApexCorse/vera/validator.go:52.2,52.12 1 0
github.com/ApexCorse/vera/validator.go:55.35,56.21 1 0
github.com/ApexCorse/vera/validator.go:56.21,58.3 1 0
github.com/ApexCorse/vera/validator.go:59.2,59.18 1 0
github.com/ApexCorse/vera/validator.go:59.18,61.3 1 0
github.com/ApexCorse/vera/validator.go:62.2,62.19 1 0
github.com/ApexCorse/vera/validator.go:62.19,64.3 1 0
github.com/ApexCorse/vera/validator.go:66.2,67.51 1 0
github.com/ApexCorse/vera/validator.go:67.51,69.3 1 0
github.com/ApexCorse/vera/validator.go:71.2,71.12 1 0
github.com/ApexCorse/vera/validator.go:74.40,75.37 1 0
github.com/ApexCorse/vera/validator.go:75.37,77.3 1 0
github.com/ApexCorse/vera/validator.go:79.2,79.12 1 0
